<?xml version="1.0" encoding="UTF-8"?>
<!-- Generated by org.testng.reporters.JUnitReportReporter -->
<testsuite hostname="Lijisha-QA" failures="0" tests="1" name="com.inetbanking.testCases.TC_AddCustomerTest_003" time="13.308" errors="0" timestamp="20 Mar 2024 07:24:11 GMT" skipped="0">
  <testcase classname="com.inetbanking.testCases.TC_AddCustomerTest_003" name="addNewCustomer" time="13.308"/>
</testsuite> <!-- com.inetbanking.testCases.TC_AddCustomerTest_003 -->
